<?xml version="1.0" encoding="UTF-8" ?>
<testsuites name="vitest tests" tests="726" failures="0" errors="0" time="1.258731781">
    <testsuite name="src/__tests__/errors.test.ts" timestamp="2025-12-05T19:45:57.361Z" hostname="runnervmoqczp" tests="9" failures="0" errors="0" skipped="0" time="0.007152866">
        <testcase classname="src/__tests__/errors.test.ts" name="ContextWindowOverflowError &gt; when instantiated with a message &gt; creates an error with the correct message" time="0.002139546">
        </testcase>
        <testcase classname="src/__tests__/errors.test.ts" name="ContextWindowOverflowError &gt; when instantiated with a message &gt; has the correct error name" time="0.000242534">
        </testcase>
        <testcase classname="src/__tests__/errors.test.ts" name="ContextWindowOverflowError &gt; when instantiated with a message &gt; is an instance of Error" time="0.000323606">
        </testcase>
        <testcase classname="src/__tests__/errors.test.ts" name="normalizeError &gt; when given an Error instance &gt; returns the same Error instance" time="0.000262612">
        </testcase>
        <testcase classname="src/__tests__/errors.test.ts" name="normalizeError &gt; when given a string &gt; wraps it in an Error" time="0.000248065">
        </testcase>
        <testcase classname="src/__tests__/errors.test.ts" name="normalizeError &gt; when given a number &gt; converts it to string and wraps in Error" time="0.000239439">
        </testcase>
        <testcase classname="src/__tests__/errors.test.ts" name="normalizeError &gt; when given an object &gt; converts it to string and wraps in Error" time="0.000284442">
        </testcase>
        <testcase classname="src/__tests__/errors.test.ts" name="normalizeError &gt; when given null &gt; converts it to string and wraps in Error" time="0.000242403">
        </testcase>
        <testcase classname="src/__tests__/errors.test.ts" name="normalizeError &gt; when given undefined &gt; converts it to string and wraps in Error" time="0.000247914">
        </testcase>
    </testsuite>
    <testsuite name="src/__tests__/index.test.ts" timestamp="2025-12-05T19:45:57.363Z" hostname="runnervmoqczp" tests="4" failures="0" errors="0" skipped="0" time="0.014456062">
        <testcase classname="src/__tests__/index.test.ts" name="index &gt; when importing from main entry point &gt; exports error classes" time="0.001891132">
        </testcase>
        <testcase classname="src/__tests__/index.test.ts" name="index &gt; when importing from main entry point &gt; exports BedrockModel" time="0.000183524">
        </testcase>
        <testcase classname="src/__tests__/index.test.ts" name="index &gt; when importing from main entry point &gt; can instantiate BedrockModel" time="0.009783622">
        </testcase>
        <testcase classname="src/__tests__/index.test.ts" name="index &gt; when importing from main entry point &gt; exports all required types" time="0.000201938">
        </testcase>
    </testsuite>
    <testsuite name="src/__tests__/mcp.test.ts" timestamp="2025-12-05T19:45:57.364Z" hostname="runnervmoqczp" tests="13" failures="0" errors="0" skipped="0" time="0.016101083">
        <testcase classname="src/__tests__/mcp.test.ts" name="MCP Integration &gt; McpClient &gt; initializes SDK client with correct configuration" time="0.00484878">
        </testcase>
        <testcase classname="src/__tests__/mcp.test.ts" name="MCP Integration &gt; McpClient &gt; manages connection state lazily" time="0.000676677">
        </testcase>
        <testcase classname="src/__tests__/mcp.test.ts" name="MCP Integration &gt; McpClient &gt; supports forced reconnection" time="0.000496119">
        </testcase>
        <testcase classname="src/__tests__/mcp.test.ts" name="MCP Integration &gt; McpClient &gt; converts SDK tool specs to McpTool instances" time="0.001397527">
        </testcase>
        <testcase classname="src/__tests__/mcp.test.ts" name="MCP Integration &gt; McpClient &gt; delegates invocation to SDK client" time="0.000649546">
        </testcase>
        <testcase classname="src/__tests__/mcp.test.ts" name="MCP Integration &gt; McpClient &gt; validates tool arguments" time="0.00206129">
        </testcase>
        <testcase classname="src/__tests__/mcp.test.ts" name="MCP Integration &gt; McpClient &gt; cleans up resources" time="0.000503142">
        </testcase>
        <testcase classname="src/__tests__/mcp.test.ts" name="MCP Integration &gt; McpTool &gt; returns text results on success" time="0.000617566">
        </testcase>
        <testcase classname="src/__tests__/mcp.test.ts" name="MCP Integration &gt; McpTool &gt; returns structured data results on success" time="0.000643485">
        </testcase>
        <testcase classname="src/__tests__/mcp.test.ts" name="MCP Integration &gt; McpTool &gt; provides default message for empty output" time="0.000315731">
        </testcase>
        <testcase classname="src/__tests__/mcp.test.ts" name="MCP Integration &gt; McpTool &gt; handles protocol-level errors" time="0.000459851">
        </testcase>
        <testcase classname="src/__tests__/mcp.test.ts" name="MCP Integration &gt; McpTool &gt; catches and wraps client exceptions" time="0.000606035">
        </testcase>
        <testcase classname="src/__tests__/mcp.test.ts" name="MCP Integration &gt; McpTool &gt; validates SDK response format" time="0.000359524">
        </testcase>
    </testsuite>
    <testsuite name="src/agent/__tests__/agent.hook.test.ts" timestamp="2025-12-05T19:45:57.366Z" hostname="runnervmoqczp" tests="16" failures="0" errors="0" skipped="0" time="0.043768582">
        <testcase classname="src/agent/__tests__/agent.hook.test.ts" name="Agent Hooks Integration &gt; invocation lifecycle &gt; fires hooks during invoke" time="0.011516451">
        </testcase>
        <testcase classname="src/agent/__tests__/agent.hook.test.ts" name="Agent Hooks Integration &gt; invocation lifecycle &gt; fires hooks during stream" time="0.001652061">
        </testcase>
        <testcase classname="src/agent/__tests__/agent.hook.test.ts" name="Agent Hooks Integration &gt; runtime hook registration &gt; allows adding hooks after agent creation" time="0.001231124">
        </testcase>
        <testcase classname="src/agent/__tests__/agent.hook.test.ts" name="Agent Hooks Integration &gt; multi-turn conversations &gt; fires hooks for each invoke call" time="0.001543629">
        </testcase>
        <testcase classname="src/agent/__tests__/agent.hook.test.ts" name="Agent Hooks Integration &gt; tool execution hooks &gt; fires tool hooks during tool execution" time="0.003827242">
        </testcase>
        <testcase classname="src/agent/__tests__/agent.hook.test.ts" name="Agent Hooks Integration &gt; tool execution hooks &gt; fires AfterToolCallEvent with error when tool fails" time="0.001673331">
        </testcase>
        <testcase classname="src/agent/__tests__/agent.hook.test.ts" name="Agent Hooks Integration &gt; ModelStreamEventHook &gt; fires for each streaming event from the model" time="0.003301598">
        </testcase>
        <testcase classname="src/agent/__tests__/agent.hook.test.ts" name="Agent Hooks Integration &gt; MessageAddedEvent &gt; fires for initial user input" time="0.001353263">
        </testcase>
        <testcase classname="src/agent/__tests__/agent.hook.test.ts" name="Agent Hooks Integration &gt; AfterModelCallEvent retryModelCall &gt; retries model call when hook sets retryModelCall" time="0.001127871">
        </testcase>
        <testcase classname="src/agent/__tests__/agent.hook.test.ts" name="Agent Hooks Integration &gt; AfterModelCallEvent retryModelCall &gt; does not retry when retryModelCall is not set" time="0.002378802">
        </testcase>
        <testcase classname="src/agent/__tests__/agent.hook.test.ts" name="Agent Hooks Integration &gt; Writable hook properties &gt; BeforeToolCallEvent &gt; allows modifying tool property to different tool" time="0.001380172">
        </testcase>
        <testcase classname="src/agent/__tests__/agent.hook.test.ts" name="Agent Hooks Integration &gt; Writable hook properties &gt; BeforeToolCallEvent &gt; allows modifying tool property to undefined" time="0.001482064">
        </testcase>
        <testcase classname="src/agent/__tests__/agent.hook.test.ts" name="Agent Hooks Integration &gt; Writable hook properties &gt; BeforeToolCallEvent &gt; allows modifying toolUse.name property" time="0.0013574">
        </testcase>
        <testcase classname="src/agent/__tests__/agent.hook.test.ts" name="Agent Hooks Integration &gt; Writable hook properties &gt; BeforeToolCallEvent &gt; allows modifying toolUse.input property" time="0.001028325">
        </testcase>
        <testcase classname="src/agent/__tests__/agent.hook.test.ts" name="Agent Hooks Integration &gt; Writable hook properties &gt; AfterToolCallEvent &gt; allows modifying result property by replacing it" time="0.00105281">
        </testcase>
        <testcase classname="src/agent/__tests__/agent.hook.test.ts" name="Agent Hooks Integration &gt; Writable hook properties &gt; AfterToolCallEvent &gt; allows modifying result to change content" time="0.001018876">
        </testcase>
    </testsuite>
    <testsuite name="src/agent/__tests__/agent.test.ts" timestamp="2025-12-05T19:45:57.369Z" hostname="runnervmoqczp" tests="59" failures="0" errors="0" skipped="0" time="0.071019168">
        <testcase classname="src/agent/__tests__/agent.test.ts" name="Agent &gt; stream &gt; basic streaming &gt; returns AsyncGenerator" time="0.005304616">
        </testcase>
        <testcase classname="src/agent/__tests__/agent.test.ts" name="Agent &gt; stream &gt; basic streaming &gt; returns AsyncGenerator that can be iterated without type errors" time="0.005893569">
        </testcase>
        <testcase classname="src/agent/__tests__/agent.test.ts" name="Agent &gt; stream &gt; basic streaming &gt; yields AgentStreamEvent objects" time="0.001828763">
        </testcase>
        <testcase classname="src/agent/__tests__/agent.test.ts" name="Agent &gt; stream &gt; basic streaming &gt; returns AgentResult as generator return value" time="0.003825438">
        </testcase>
        <testcase classname="src/agent/__tests__/agent.test.ts" name="Agent &gt; stream &gt; with tool use &gt; handles tool execution flow" time="0.002440921">
        </testcase>
        <testcase classname="src/agent/__tests__/agent.test.ts" name="Agent &gt; stream &gt; with tool use &gt; yields tool-related events" time="0.002793457">
        </testcase>
        <testcase classname="src/agent/__tests__/agent.test.ts" name="Agent &gt; stream &gt; error handling &gt; throws MaxTokensError when model hits token limit" time="0.001957533">
        </testcase>
        <testcase classname="src/agent/__tests__/agent.test.ts" name="Agent &gt; invoke &gt; basic invocation &gt; returns Promise&lt;AgentResult&gt;" time="0.00071594">
        </testcase>
        <testcase classname="src/agent/__tests__/agent.test.ts" name="Agent &gt; invoke &gt; basic invocation &gt; returns correct stopReason and lastMessage" time="0.000500927">
        </testcase>
        <testcase classname="src/agent/__tests__/agent.test.ts" name="Agent &gt; invoke &gt; basic invocation &gt; consumes stream events internally" time="0.000464058">
        </testcase>
        <testcase classname="src/agent/__tests__/agent.test.ts" name="Agent &gt; invoke &gt; with tool use &gt; executes tools and returns final result" time="0.003061298">
        </testcase>
        <testcase classname="src/agent/__tests__/agent.test.ts" name="Agent &gt; invoke &gt; error handling &gt; propagates maxTokens error" time="0.00052916">
        </testcase>
        <testcase classname="src/agent/__tests__/agent.test.ts" name="Agent &gt; API consistency &gt; invoke() and stream() produce same final result" time="0.00059844">
        </testcase>
        <testcase classname="src/agent/__tests__/agent.test.ts" name="Agent &gt; API consistency &gt; both methods produce same result with tool use" time="0.000957342">
        </testcase>
        <testcase classname="src/agent/__tests__/agent.test.ts" name="Agent &gt; messages &gt; returns array of messages" time="0.000194794">
        </testcase>
        <testcase classname="src/agent/__tests__/agent.test.ts" name="Agent &gt; messages &gt; reflects conversation history after invoke" time="0.00045456">
        </testcase>
        <testcase classname="src/agent/__tests__/agent.test.ts" name="Agent &gt; printer configuration &gt; validates output when printer is enabled" time="0.000444311">
        </testcase>
        <testcase classname="src/agent/__tests__/agent.test.ts" name="Agent &gt; printer configuration &gt; does not create printer when printer is false" time="0.000204142">
        </testcase>
        <testcase classname="src/agent/__tests__/agent.test.ts" name="Agent &gt; printer configuration &gt; defaults to printer=true when not specified" time="0.000167232">
        </testcase>
        <testcase classname="src/agent/__tests__/agent.test.ts" name="Agent &gt; printer configuration &gt; agent works correctly with printer disabled" time="0.000298949">
        </testcase>
        <testcase classname="src/agent/__tests__/agent.test.ts" name="Agent &gt; concurrency guards &gt; prevents parallel invocations" time="0.000697655">
        </testcase>
        <testcase classname="src/agent/__tests__/agent.test.ts" name="Agent &gt; concurrency guards &gt; allows sequential invocations after lock is released" time="0.000520213">
        </testcase>
        <testcase classname="src/agent/__tests__/agent.test.ts" name="Agent &gt; concurrency guards &gt; releases lock after errors and abandoned streams" time="0.000498913">
        </testcase>
        <testcase classname="src/agent/__tests__/agent.test.ts" name="Agent &gt; nested tool arrays &gt; flattens nested arrays at any depth &gt; NaN" time="0.006067344">
        </testcase>
        <testcase classname="src/agent/__tests__/agent.test.ts" name="Agent &gt; nested tool arrays &gt; flattens nested arrays at any depth &gt; NaN" time="0.000460912">
        </testcase>
        <testcase classname="src/agent/__tests__/agent.test.ts" name="Agent &gt; nested tool arrays &gt; flattens nested arrays at any depth &gt; NaN" time="0.000332182">
        </testcase>
        <testcase classname="src/agent/__tests__/agent.test.ts" name="Agent &gt; nested tool arrays &gt; flattens nested arrays at any depth &gt; NaN" time="0.000398415">
        </testcase>
        <testcase classname="src/agent/__tests__/agent.test.ts" name="Agent &gt; nested tool arrays &gt; flattens nested arrays at any depth &gt; NaN" time="0.000354994">
        </testcase>
        <testcase classname="src/agent/__tests__/agent.test.ts" name="Agent &gt; nested tool arrays &gt; flattens nested arrays at any depth &gt; NaN" time="0.000309629">
        </testcase>
        <testcase classname="src/agent/__tests__/agent.test.ts" name="Agent &gt; nested tool arrays &gt; flattens nested arrays at any depth &gt; NaN" time="0.000398866">
        </testcase>
        <testcase classname="src/agent/__tests__/agent.test.ts" name="Agent &gt; nested tool arrays &gt; flattens nested arrays at any depth &gt; NaN" time="0.00031002">
        </testcase>
        <testcase classname="src/agent/__tests__/agent.test.ts" name="Agent &gt; nested tool arrays &gt; accepts undefined tools" time="0.000354463">
        </testcase>
        <testcase classname="src/agent/__tests__/agent.test.ts" name="Agent &gt; nested tool arrays &gt; catches duplicate tool names across nested arrays" time="0.001253466">
        </testcase>
        <testcase classname="src/agent/__tests__/agent.test.ts" name="Agent &gt; systemPrompt configuration &gt; when provided as string SystemPromptData &gt; accepts and stores string system prompt" time="0.000585085">
        </testcase>
        <testcase classname="src/agent/__tests__/agent.test.ts" name="Agent &gt; systemPrompt configuration &gt; when provided as array SystemPromptData &gt; converts TextBlockData to TextBlock" time="0.000553596">
        </testcase>
        <testcase classname="src/agent/__tests__/agent.test.ts" name="Agent &gt; systemPrompt configuration &gt; when provided as array SystemPromptData &gt; converts mixed block data types" time="0.000503332">
        </testcase>
        <testcase classname="src/agent/__tests__/agent.test.ts" name="Agent &gt; systemPrompt configuration &gt; when provided as SystemPrompt (class instances) &gt; accepts array of class instances" time="0.00042196">
        </testcase>
        <testcase classname="src/agent/__tests__/agent.test.ts" name="Agent &gt; systemPrompt configuration &gt; when modifying systemPrompt &gt; allows systemPrompt to be set after initialization" time="0.000344956">
        </testcase>
        <testcase classname="src/agent/__tests__/agent.test.ts" name="Agent &gt; systemPrompt configuration &gt; when modifying systemPrompt &gt; allows systemPrompt to be changed between turns" time="0.004316828">
        </testcase>
        <testcase classname="src/agent/__tests__/agent.test.ts" name="Agent &gt; model property &gt; when accessing the model field &gt; returns the configured model instance" time="0.000215152">
        </testcase>
        <testcase classname="src/agent/__tests__/agent.test.ts" name="Agent &gt; model property &gt; when accessing the model field &gt; returns default BedrockModel when no model provided" time="0.000535202">
        </testcase>
        <testcase classname="src/agent/__tests__/agent.test.ts" name="Agent &gt; model property &gt; when modifying the model field &gt; updates the model instance" time="0.000648474">
        </testcase>
        <testcase classname="src/agent/__tests__/agent.test.ts" name="Agent &gt; model property &gt; when modifying the model field &gt; allows model change to persist across invocations" time="0.000875869">
        </testcase>
        <testcase classname="src/agent/__tests__/agent.test.ts" name="Agent &gt; model property &gt; when modifying the model field &gt; successfully switches between different model providers" time="0.000938586">
        </testcase>
        <testcase classname="src/agent/__tests__/agent.test.ts" name="Agent &gt; multimodal input &gt; with string input &gt; creates user message with single TextBlock" time="0.00104755">
        </testcase>
        <testcase classname="src/agent/__tests__/agent.test.ts" name="Agent &gt; multimodal input &gt; with ContentBlock[] input &gt; creates single user message with single TextBlock" time="0.000779158">
        </testcase>
        <testcase classname="src/agent/__tests__/agent.test.ts" name="Agent &gt; multimodal input &gt; with ContentBlock[] input &gt; creates single user message with multiple blocks" time="0.000638485">
        </testcase>
        <testcase classname="src/agent/__tests__/agent.test.ts" name="Agent &gt; multimodal input &gt; with ContentBlock[] input &gt; supports all ContentBlock types" time="0.001535684">
        </testcase>
        <testcase classname="src/agent/__tests__/agent.test.ts" name="Agent &gt; multimodal input &gt; with ContentBlock[] input &gt; handles empty ContentBlock array" time="0.000572542">
        </testcase>
        <testcase classname="src/agent/__tests__/agent.test.ts" name="Agent &gt; multimodal input &gt; with ContentBlock[] input &gt; accepts ContentBlockData[] and converts to ContentBlock[]" time="0.001315963">
        </testcase>
        <testcase classname="src/agent/__tests__/agent.test.ts" name="Agent &gt; multimodal input &gt; with Message[] input &gt; appends single message to conversation" time="0.000634768">
        </testcase>
        <testcase classname="src/agent/__tests__/agent.test.ts" name="Agent &gt; multimodal input &gt; with Message[] input &gt; appends multiple messages in order" time="0.00074281">
        </testcase>
        <testcase classname="src/agent/__tests__/agent.test.ts" name="Agent &gt; multimodal input &gt; with Message[] input &gt; handles empty Message array" time="0.000543337">
        </testcase>
        <testcase classname="src/agent/__tests__/agent.test.ts" name="Agent &gt; multimodal input &gt; with Message[] input &gt; accepts MessageData[] and converts to Message[]" time="0.000856512">
        </testcase>
        <testcase classname="src/agent/__tests__/agent.test.ts" name="Agent &gt; model initialization &gt; when model is a string &gt; creates BedrockModel with specified modelId" time="0.00073754">
        </testcase>
        <testcase classname="src/agent/__tests__/agent.test.ts" name="Agent &gt; model initialization &gt; when model is a string &gt; creates BedrockModel with custom model ID" time="0.000550911">
        </testcase>
        <testcase classname="src/agent/__tests__/agent.test.ts" name="Agent &gt; model initialization &gt; when model is explicit BedrockModel &gt; uses provided BedrockModel instance" time="0.000617045">
        </testcase>
        <testcase classname="src/agent/__tests__/agent.test.ts" name="Agent &gt; model initialization &gt; when no model is provided &gt; creates default BedrockModel" time="0.000596476">
        </testcase>
        <testcase classname="src/agent/__tests__/agent.test.ts" name="Agent &gt; model initialization &gt; behavior parity &gt; string model behaves identically to explicit BedrockModel with same modelId" time="0.000987408">
        </testcase>
    </testsuite>
    <testsuite name="src/agent/__tests__/printer.test.ts" timestamp="2025-12-05T19:45:57.380Z" hostname="runnervmoqczp" tests="7" failures="0" errors="0" skipped="0" time="0.015841958">
        <testcase classname="src/agent/__tests__/printer.test.ts" name="AgentPrinter &gt; end-to-end scenarios &gt; prints simple text output" time="0.006633432">
        </testcase>
        <testcase classname="src/agent/__tests__/printer.test.ts" name="AgentPrinter &gt; end-to-end scenarios &gt; prints reasoning content wrapped in tags" time="0.000810959">
        </testcase>
        <testcase classname="src/agent/__tests__/printer.test.ts" name="AgentPrinter &gt; end-to-end scenarios &gt; prints text and reasoning together" time="0.000551012">
        </testcase>
        <testcase classname="src/agent/__tests__/printer.test.ts" name="AgentPrinter &gt; end-to-end scenarios &gt; handles newlines in reasoning content" time="0.000583593">
        </testcase>
        <testcase classname="src/agent/__tests__/printer.test.ts" name="AgentPrinter &gt; end-to-end scenarios &gt; prints tool execution" time="0.002506304">
        </testcase>
        <testcase classname="src/agent/__tests__/printer.test.ts" name="AgentPrinter &gt; end-to-end scenarios &gt; prints tool error" time="0.000867334">
        </testcase>
        <testcase classname="src/agent/__tests__/printer.test.ts" name="AgentPrinter &gt; end-to-end scenarios &gt; prints comprehensive scenario with all output types" time="0.001361569">
        </testcase>
    </testsuite>
    <testsuite name="src/agent/__tests__/state.test.ts" timestamp="2025-12-05T19:45:57.381Z" hostname="runnervmoqczp" tests="39" failures="0" errors="0" skipped="0" time="0.021024532">
        <testcase classname="src/agent/__tests__/state.test.ts" name="AgentState &gt; constructor &gt; creates empty state when no initial state provided" time="0.003199407">
        </testcase>
        <testcase classname="src/agent/__tests__/state.test.ts" name="AgentState &gt; constructor &gt; creates state with initial values" time="0.000964666">
        </testcase>
        <testcase classname="src/agent/__tests__/state.test.ts" name="AgentState &gt; constructor &gt; stores deep copy of initial state" time="0.000387725">
        </testcase>
        <testcase classname="src/agent/__tests__/state.test.ts" name="AgentState &gt; constructor &gt; throws error for function in initial state" time="0.001654887">
        </testcase>
        <testcase classname="src/agent/__tests__/state.test.ts" name="AgentState &gt; constructor &gt; throws error for symbol in initial state" time="0.000369903">
        </testcase>
        <testcase classname="src/agent/__tests__/state.test.ts" name="AgentState &gt; constructor &gt; throws error for undefined in initial state" time="0.000375953">
        </testcase>
        <testcase classname="src/agent/__tests__/state.test.ts" name="AgentState &gt; constructor &gt; throws error for nested function in initial state" time="0.000378638">
        </testcase>
        <testcase classname="src/agent/__tests__/state.test.ts" name="AgentState &gt; constructor &gt; throws error for function in array in initial state" time="0.000389829">
        </testcase>
        <testcase classname="src/agent/__tests__/state.test.ts" name="AgentState &gt; get &gt; throws error when key is null or undefined" time="0.000563614">
        </testcase>
        <testcase classname="src/agent/__tests__/state.test.ts" name="AgentState &gt; get &gt; returns undefined when key does not exist" time="0.000224891">
        </testcase>
        <testcase classname="src/agent/__tests__/state.test.ts" name="AgentState &gt; get &gt; returns value when key exists" time="0.00021374">
        </testcase>
        <testcase classname="src/agent/__tests__/state.test.ts" name="AgentState &gt; get &gt; returns deep copy that cannot mutate stored state" time="0.000237193">
        </testcase>
        <testcase classname="src/agent/__tests__/state.test.ts" name="AgentState &gt; get &gt; infers correct type with generic state interface" time="0.00044882">
        </testcase>
        <testcase classname="src/agent/__tests__/state.test.ts" name="AgentState &gt; get &gt; returns undefined for non-existent key with typed interface" time="0.000294651">
        </testcase>
        <testcase classname="src/agent/__tests__/state.test.ts" name="AgentState &gt; set &gt; sets string value successfully" time="0.000269624">
        </testcase>
        <testcase classname="src/agent/__tests__/state.test.ts" name="AgentState &gt; set &gt; sets number value successfully" time="0.000225491">
        </testcase>
        <testcase classname="src/agent/__tests__/state.test.ts" name="AgentState &gt; set &gt; sets boolean value successfully" time="0.00021323">
        </testcase>
        <testcase classname="src/agent/__tests__/state.test.ts" name="AgentState &gt; set &gt; sets null value successfully" time="0.00025131">
        </testcase>
        <testcase classname="src/agent/__tests__/state.test.ts" name="AgentState &gt; set &gt; sets object value successfully" time="0.000252102">
        </testcase>
        <testcase classname="src/agent/__tests__/state.test.ts" name="AgentState &gt; set &gt; sets array value successfully" time="0.000234168">
        </testcase>
        <testcase classname="src/agent/__tests__/state.test.ts" name="AgentState &gt; set &gt; overwrites existing value" time="0.000217527">
        </testcase>
        <testcase classname="src/agent/__tests__/state.test.ts" name="AgentState &gt; set &gt; stores deep copy that cannot mutate stored state" time="0.000231303">
        </testcase>
        <testcase classname="src/agent/__tests__/state.test.ts" name="AgentState &gt; set &gt; throws error for function in value" time="0.000361376">
        </testcase>
        <testcase classname="src/agent/__tests__/state.test.ts" name="AgentState &gt; set &gt; throws error for symbol in value" time="0.000327263">
        </testcase>
        <testcase classname="src/agent/__tests__/state.test.ts" name="AgentState &gt; set &gt; throws error for nested function in value" time="0.000361998">
        </testcase>
        <testcase classname="src/agent/__tests__/state.test.ts" name="AgentState &gt; set &gt; throws error for function in array" time="0.000412883">
        </testcase>
        <testcase classname="src/agent/__tests__/state.test.ts" name="AgentState &gt; set &gt; throws error for top-level symbol values" time="0.000396883">
        </testcase>
        <testcase classname="src/agent/__tests__/state.test.ts" name="AgentState &gt; set &gt; throws error for top-level undefined values" time="0.000398356">
        </testcase>
        <testcase classname="src/agent/__tests__/state.test.ts" name="AgentState &gt; set &gt; accepts typed value with generic state interface" time="0.000353592">
        </testcase>
        <testcase classname="src/agent/__tests__/state.test.ts" name="AgentState &gt; delete &gt; removes existing key" time="0.000304219">
        </testcase>
        <testcase classname="src/agent/__tests__/state.test.ts" name="AgentState &gt; delete &gt; does not throw error for non-existent key" time="0.000388216">
        </testcase>
        <testcase classname="src/agent/__tests__/state.test.ts" name="AgentState &gt; delete &gt; supports typed usage with generic state interface" time="0.000284643">
        </testcase>
        <testcase classname="src/agent/__tests__/state.test.ts" name="AgentState &gt; clear &gt; removes all values" time="0.000346739">
        </testcase>
        <testcase classname="src/agent/__tests__/state.test.ts" name="AgentState &gt; clear &gt; works on empty state" time="0.000424965">
        </testcase>
        <testcase classname="src/agent/__tests__/state.test.ts" name="AgentState &gt; getAll &gt; returns object with all state" time="0.000257942">
        </testcase>
        <testcase classname="src/agent/__tests__/state.test.ts" name="AgentState &gt; getAll &gt; returns empty object for empty state" time="0.00020327">
        </testcase>
        <testcase classname="src/agent/__tests__/state.test.ts" name="AgentState &gt; keys &gt; returns array of all keys" time="0.000249947">
        </testcase>
        <testcase classname="src/agent/__tests__/state.test.ts" name="AgentState &gt; keys &gt; returns empty array for empty state" time="0.000177361">
        </testcase>
        <testcase classname="src/agent/__tests__/state.test.ts" name="AgentState &gt; keys &gt; returns new array each time" time="0.000503352">
        </testcase>
    </testsuite>
    <testsuite name="src/conversation-manager/__tests__/null-conversation-manager.test.ts" timestamp="2025-12-05T19:45:57.387Z" hostname="runnervmoqczp" tests="2" failures="0" errors="0" skipped="0" time="0.005482667">
        <testcase classname="src/conversation-manager/__tests__/null-conversation-manager.test.ts" name="NullConversationManager &gt; behavior &gt; does not modify conversation history" time="0.003386682">
        </testcase>
        <testcase classname="src/conversation-manager/__tests__/null-conversation-manager.test.ts" name="NullConversationManager &gt; behavior &gt; does not set retryModelCall on context overflow" time="0.000397404">
        </testcase>
    </testsuite>
    <testsuite name="src/conversation-manager/__tests__/sliding-window-conversation-manager.test.ts" timestamp="2025-12-05T19:45:57.388Z" hostname="runnervmoqczp" tests="29" failures="0" errors="0" skipped="0" time="0.021279036">
        <testcase classname="src/conversation-manager/__tests__/sliding-window-conversation-manager.test.ts" name="SlidingWindowConversationManager &gt; constructor &gt; sets default windowSize to 40" time="0.001541965">
        </testcase>
        <testcase classname="src/conversation-manager/__tests__/sliding-window-conversation-manager.test.ts" name="SlidingWindowConversationManager &gt; constructor &gt; sets default shouldTruncateResults to true" time="0.000162163">
        </testcase>
        <testcase classname="src/conversation-manager/__tests__/sliding-window-conversation-manager.test.ts" name="SlidingWindowConversationManager &gt; constructor &gt; accepts custom windowSize" time="0.000135033">
        </testcase>
        <testcase classname="src/conversation-manager/__tests__/sliding-window-conversation-manager.test.ts" name="SlidingWindowConversationManager &gt; constructor &gt; accepts custom shouldTruncateResults" time="0.000121437">
        </testcase>
        <testcase classname="src/conversation-manager/__tests__/sliding-window-conversation-manager.test.ts" name="SlidingWindowConversationManager &gt; applyManagement &gt; skips reduction when message count is less than window size" time="0.001664905">
        </testcase>
        <testcase classname="src/conversation-manager/__tests__/sliding-window-conversation-manager.test.ts" name="SlidingWindowConversationManager &gt; applyManagement &gt; skips reduction when message count equals window size" time="0.000296604">
        </testcase>
        <testcase classname="src/conversation-manager/__tests__/sliding-window-conversation-manager.test.ts" name="SlidingWindowConversationManager &gt; applyManagement &gt; calls reduceContext when message count exceeds window size" time="0.000415968">
        </testcase>
        <testcase classname="src/conversation-manager/__tests__/sliding-window-conversation-manager.test.ts" name="SlidingWindowConversationManager &gt; reduceContext - tool result truncation &gt; truncates tool results when shouldTruncateResults is true" time="0.001247935">
        </testcase>
        <testcase classname="src/conversation-manager/__tests__/sliding-window-conversation-manager.test.ts" name="SlidingWindowConversationManager &gt; reduceContext - tool result truncation &gt; finds last message with tool results" time="0.000410529">
        </testcase>
        <testcase classname="src/conversation-manager/__tests__/sliding-window-conversation-manager.test.ts" name="SlidingWindowConversationManager &gt; reduceContext - tool result truncation &gt; returns after successful truncation without trimming messages" time="0.000289692">
        </testcase>
        <testcase classname="src/conversation-manager/__tests__/sliding-window-conversation-manager.test.ts" name="SlidingWindowConversationManager &gt; reduceContext - tool result truncation &gt; skips truncation when shouldTruncateResults is false" time="0.000304871">
        </testcase>
        <testcase classname="src/conversation-manager/__tests__/sliding-window-conversation-manager.test.ts" name="SlidingWindowConversationManager &gt; reduceContext - tool result truncation &gt; does not truncate already-truncated results" time="0.00037414">
        </testcase>
        <testcase classname="src/conversation-manager/__tests__/sliding-window-conversation-manager.test.ts" name="SlidingWindowConversationManager &gt; reduceContext - tool result truncation &gt; does not call truncateToolResults unless an error is passed in" time="0.002484339">
        </testcase>
        <testcase classname="src/conversation-manager/__tests__/sliding-window-conversation-manager.test.ts" name="SlidingWindowConversationManager &gt; reduceContext - message trimming &gt; trims oldest messages when tool results cannot be truncated" time="0.001665314">
        </testcase>
        <testcase classname="src/conversation-manager/__tests__/sliding-window-conversation-manager.test.ts" name="SlidingWindowConversationManager &gt; reduceContext - message trimming &gt; calculates correct trim index (messages.length - windowSize)" time="0.000420958">
        </testcase>
        <testcase classname="src/conversation-manager/__tests__/sliding-window-conversation-manager.test.ts" name="SlidingWindowConversationManager &gt; reduceContext - message trimming &gt; uses default trim index of 2 when messages &lt;= windowSize" time="0.000393507">
        </testcase>
        <testcase classname="src/conversation-manager/__tests__/sliding-window-conversation-manager.test.ts" name="SlidingWindowConversationManager &gt; reduceContext - message trimming &gt; removes messages from start of array using splice" time="0.000514172">
        </testcase>
        <testcase classname="src/conversation-manager/__tests__/sliding-window-conversation-manager.test.ts" name="SlidingWindowConversationManager &gt; reduceContext - tool pair validation &gt; does not trim at index where oldest message is toolResult" time="0.000544669">
        </testcase>
        <testcase classname="src/conversation-manager/__tests__/sliding-window-conversation-manager.test.ts" name="SlidingWindowConversationManager &gt; reduceContext - tool pair validation &gt; does not trim at index where oldest message is toolUse without following toolResult" time="0.000551753">
        </testcase>
        <testcase classname="src/conversation-manager/__tests__/sliding-window-conversation-manager.test.ts" name="SlidingWindowConversationManager &gt; reduceContext - tool pair validation &gt; allows trim when oldest message is toolUse with following toolResult" time="0.000549217">
        </testcase>
        <testcase classname="src/conversation-manager/__tests__/sliding-window-conversation-manager.test.ts" name="SlidingWindowConversationManager &gt; reduceContext - tool pair validation &gt; allows trim at toolUse when toolResult immediately follows" time="0.000676776">
        </testcase>
        <testcase classname="src/conversation-manager/__tests__/sliding-window-conversation-manager.test.ts" name="SlidingWindowConversationManager &gt; reduceContext - tool pair validation &gt; allows trim when oldest message is text or other non-tool content" time="0.000467344">
        </testcase>
        <testcase classname="src/conversation-manager/__tests__/sliding-window-conversation-manager.test.ts" name="SlidingWindowConversationManager &gt; reduceContext - tool pair validation &gt; throws ContextWindowOverflowError when no valid trim point exists" time="0.002113114">
        </testcase>
        <testcase classname="src/conversation-manager/__tests__/sliding-window-conversation-manager.test.ts" name="SlidingWindowConversationManager &gt; helper methods &gt; findLastMessageWithToolResults &gt; returns correct index when tool results exist" time="0.000281236">
        </testcase>
        <testcase classname="src/conversation-manager/__tests__/sliding-window-conversation-manager.test.ts" name="SlidingWindowConversationManager &gt; helper methods &gt; findLastMessageWithToolResults &gt; returns undefined when no tool results exist" time="0.000290373">
        </testcase>
        <testcase classname="src/conversation-manager/__tests__/sliding-window-conversation-manager.test.ts" name="SlidingWindowConversationManager &gt; helper methods &gt; findLastMessageWithToolResults &gt; iterates backwards from end" time="0.000256489">
        </testcase>
        <testcase classname="src/conversation-manager/__tests__/sliding-window-conversation-manager.test.ts" name="SlidingWindowConversationManager &gt; helper methods &gt; truncateToolResults &gt; returns true when changes are made" time="0.000261148">
        </testcase>
        <testcase classname="src/conversation-manager/__tests__/sliding-window-conversation-manager.test.ts" name="SlidingWindowConversationManager &gt; helper methods &gt; truncateToolResults &gt; returns false when already truncated" time="0.000220874">
        </testcase>
        <testcase classname="src/conversation-manager/__tests__/sliding-window-conversation-manager.test.ts" name="SlidingWindowConversationManager &gt; helper methods &gt; truncateToolResults &gt; returns false when no tool results found" time="0.000207788">
        </testcase>
    </testsuite>
    <testsuite name="src/hooks/__tests__/events.test.ts" timestamp="2025-12-05T19:45:57.392Z" hostname="runnervmoqczp" tests="28" failures="0" errors="0" skipped="0" time="0.028963318">
        <testcase classname="src/hooks/__tests__/events.test.ts" name="BeforeInvocationEvent &gt; creates instance with correct properties" time="0.009087245">
        </testcase>
        <testcase classname="src/hooks/__tests__/events.test.ts" name="BeforeInvocationEvent &gt; returns false for _shouldReverseCallbacks" time="0.00058256">
        </testcase>
        <testcase classname="src/hooks/__tests__/events.test.ts" name="AfterInvocationEvent &gt; creates instance with correct properties" time="0.000690162">
        </testcase>
        <testcase classname="src/hooks/__tests__/events.test.ts" name="AfterInvocationEvent &gt; returns true for _shouldReverseCallbacks" time="0.000362759">
        </testcase>
        <testcase classname="src/hooks/__tests__/events.test.ts" name="MessageAddedEvent &gt; creates instance with correct properties" time="0.000729054">
        </testcase>
        <testcase classname="src/hooks/__tests__/events.test.ts" name="MessageAddedEvent &gt; returns false for _shouldReverseCallbacks" time="0.000414446">
        </testcase>
        <testcase classname="src/hooks/__tests__/events.test.ts" name="BeforeToolCallEvent &gt; creates instance with correct properties when tool is found" time="0.000887702">
        </testcase>
        <testcase classname="src/hooks/__tests__/events.test.ts" name="BeforeToolCallEvent &gt; creates instance with undefined tool when tool is not found" time="0.000435676">
        </testcase>
        <testcase classname="src/hooks/__tests__/events.test.ts" name="BeforeToolCallEvent &gt; returns false for _shouldReverseCallbacks" time="0.000456023">
        </testcase>
        <testcase classname="src/hooks/__tests__/events.test.ts" name="BeforeToolCallEvent &gt; allows modifying tool property" time="0.000658652">
        </testcase>
        <testcase classname="src/hooks/__tests__/events.test.ts" name="BeforeToolCallEvent &gt; allows modifying toolUse property" time="0.000778887">
        </testcase>
        <testcase classname="src/hooks/__tests__/events.test.ts" name="AfterToolCallEvent &gt; creates instance with correct properties on success" time="0.001138381">
        </testcase>
        <testcase classname="src/hooks/__tests__/events.test.ts" name="AfterToolCallEvent &gt; creates instance with error property when tool execution fails" time="0.000611494">
        </testcase>
        <testcase classname="src/hooks/__tests__/events.test.ts" name="AfterToolCallEvent &gt; returns true for _shouldReverseCallbacks" time="0.000570287">
        </testcase>
        <testcase classname="src/hooks/__tests__/events.test.ts" name="AfterToolCallEvent &gt; allows modifying result property" time="0.000612887">
        </testcase>
        <testcase classname="src/hooks/__tests__/events.test.ts" name="BeforeModelCallEvent &gt; creates instance with correct properties" time="0.0008499">
        </testcase>
        <testcase classname="src/hooks/__tests__/events.test.ts" name="BeforeModelCallEvent &gt; returns false for _shouldReverseCallbacks" time="0.000414897">
        </testcase>
        <testcase classname="src/hooks/__tests__/events.test.ts" name="AfterModelCallEvent &gt; creates instance with correct properties on success" time="0.000836385">
        </testcase>
        <testcase classname="src/hooks/__tests__/events.test.ts" name="AfterModelCallEvent &gt; creates instance with error property when model invocation fails" time="0.000599992">
        </testcase>
        <testcase classname="src/hooks/__tests__/events.test.ts" name="AfterModelCallEvent &gt; returns true for _shouldReverseCallbacks" time="0.000544248">
        </testcase>
        <testcase classname="src/hooks/__tests__/events.test.ts" name="AfterModelCallEvent &gt; allows retryModelCall to be set when error is present" time="0.000736558">
        </testcase>
        <testcase classname="src/hooks/__tests__/events.test.ts" name="AfterModelCallEvent &gt; retryModelCall is optional and defaults to undefined" time="0.000397794">
        </testcase>
        <testcase classname="src/hooks/__tests__/events.test.ts" name="ModelStreamEventHook &gt; creates instance with correct properties" time="0.000641992">
        </testcase>
        <testcase classname="src/hooks/__tests__/events.test.ts" name="ModelStreamEventHook &gt; returns false for _shouldReverseCallbacks" time="0.000367517">
        </testcase>
        <testcase classname="src/hooks/__tests__/events.test.ts" name="BeforeToolsEvent &gt; creates instance with correct properties" time="0.000862213">
        </testcase>
        <testcase classname="src/hooks/__tests__/events.test.ts" name="BeforeToolsEvent &gt; returns false for _shouldReverseCallbacks" time="0.00053475">
        </testcase>
        <testcase classname="src/hooks/__tests__/events.test.ts" name="AfterToolsEvent &gt; creates instance with correct properties" time="0.001128521">
        </testcase>
        <testcase classname="src/hooks/__tests__/events.test.ts" name="AfterToolsEvent &gt; returns true for _shouldReverseCallbacks" time="0.000628005">
        </testcase>
    </testsuite>
    <testsuite name="src/hooks/__tests__/registry.test.ts" timestamp="2025-12-05T19:45:57.397Z" hostname="runnervmoqczp" tests="23" failures="0" errors="0" skipped="0" time="0.057355208">
        <testcase classname="src/hooks/__tests__/registry.test.ts" name="HookRegistryImplementation &gt; addCallback &gt; registers callback for event type" time="0.013165863">
        </testcase>
        <testcase classname="src/hooks/__tests__/registry.test.ts" name="HookRegistryImplementation &gt; addCallback &gt; registers multiple callbacks for same event type" time="0.000909452">
        </testcase>
        <testcase classname="src/hooks/__tests__/registry.test.ts" name="HookRegistryImplementation &gt; addCallback &gt; registers callbacks for different event types separately" time="0.001176682">
        </testcase>
        <testcase classname="src/hooks/__tests__/registry.test.ts" name="HookRegistryImplementation &gt; addHook &gt; registers all callbacks from provider" time="0.000557313">
        </testcase>
        <testcase classname="src/hooks/__tests__/registry.test.ts" name="HookRegistryImplementation &gt; addHook &gt; clears current provider even if registerCallbacks throws" time="0.001994472">
        </testcase>
        <testcase classname="src/hooks/__tests__/registry.test.ts" name="HookRegistryImplementation &gt; invokeCallbacks &gt; calls registered callbacks in order" time="0.001729156">
        </testcase>
        <testcase classname="src/hooks/__tests__/registry.test.ts" name="HookRegistryImplementation &gt; invokeCallbacks &gt; reverses callback order for After events" time="0.000711391">
        </testcase>
        <testcase classname="src/hooks/__tests__/registry.test.ts" name="HookRegistryImplementation &gt; invokeCallbacks &gt; awaits async callbacks" time="0.011938127">
        </testcase>
        <testcase classname="src/hooks/__tests__/registry.test.ts" name="HookRegistryImplementation &gt; invokeCallbacks &gt; propagates callback errors" time="0.001418415">
        </testcase>
        <testcase classname="src/hooks/__tests__/registry.test.ts" name="HookRegistryImplementation &gt; invokeCallbacks &gt; stops execution on first error" time="0.00079601">
        </testcase>
        <testcase classname="src/hooks/__tests__/registry.test.ts" name="HookRegistryImplementation &gt; invokeCallbacks &gt; handles mixed sync and async callbacks" time="0.011120748">
        </testcase>
        <testcase classname="src/hooks/__tests__/registry.test.ts" name="HookRegistryImplementation &gt; invokeCallbacks &gt; returns the event after invocation" time="0.000685243">
        </testcase>
        <testcase classname="src/hooks/__tests__/registry.test.ts" name="HookRegistryImplementation &gt; addCallback cleanup function &gt; returns cleanup function that removes the callback" time="0.000659955">
        </testcase>
        <testcase classname="src/hooks/__tests__/registry.test.ts" name="HookRegistryImplementation &gt; addCallback cleanup function &gt; cleanup function is idempotent" time="0.000578252">
        </testcase>
        <testcase classname="src/hooks/__tests__/registry.test.ts" name="HookRegistryImplementation &gt; addCallback cleanup function &gt; cleanup function does not affect other callbacks" time="0.000714688">
        </testcase>
        <testcase classname="src/hooks/__tests__/registry.test.ts" name="HookRegistryImplementation &gt; addCallback cleanup function &gt; cleanup function works with callbacks registered via provider" time="0.000761716">
        </testcase>
        <testcase classname="src/hooks/__tests__/registry.test.ts" name="HookRegistryImplementation &gt; removeHook &gt; removes all callbacks registered by provider" time="0.000783616">
        </testcase>
        <testcase classname="src/hooks/__tests__/registry.test.ts" name="HookRegistryImplementation &gt; removeHook &gt; removes all instances when provider registered multiple times" time="0.000622906">
        </testcase>
        <testcase classname="src/hooks/__tests__/registry.test.ts" name="HookRegistryImplementation &gt; removeHook &gt; is no-op when called with non-existent provider" time="0.000879105">
        </testcase>
        <testcase classname="src/hooks/__tests__/registry.test.ts" name="HookRegistryImplementation &gt; removeHook &gt; does not affect callbacks from other providers" time="0.000773036">
        </testcase>
        <testcase classname="src/hooks/__tests__/registry.test.ts" name="HookRegistryImplementation &gt; removeHook &gt; does not affect callbacks registered without provider" time="0.000755143">
        </testcase>
        <testcase classname="src/hooks/__tests__/registry.test.ts" name="HookRegistryImplementation &gt; removeHook &gt; allows provider to be added and removed multiple times" time="0.000840142">
        </testcase>
        <testcase classname="src/hooks/__tests__/registry.test.ts" name="HookRegistryImplementation &gt; cleanup function and removeHook work independently &gt; cleanup function works after removeHook called" time="0.000734684">
        </testcase>
    </testsuite>
    <testsuite name="src/logging/__tests__/logger.test.ts" timestamp="2025-12-05T19:45:57.400Z" hostname="runnervmoqczp" tests="6" failures="0" errors="0" skipped="0" time="0.01305086">
        <testcase classname="src/logging/__tests__/logger.test.ts" name="configureLogging &gt; allows custom logger injection" time="0.005374124">
        </testcase>
        <testcase classname="src/logging/__tests__/logger.test.ts" name="configureLogging &gt; passes multiple arguments to logger" time="0.00064094">
        </testcase>
        <testcase classname="src/logging/__tests__/logger.test.ts" name="default logger &gt; logs warnings to console.warn" time="0.002483722">
            <system-err>
Warning message arg1 arg2

            </system-err>
        </testcase>
        <testcase classname="src/logging/__tests__/logger.test.ts" name="default logger &gt; logs errors to console.error" time="0.000893483">
            <system-err>
Error message arg1 arg2

            </system-err>
        </testcase>
        <testcase classname="src/logging/__tests__/logger.test.ts" name="default logger &gt; does not log debug messages" time="0.000483345">
        </testcase>
        <testcase classname="src/logging/__tests__/logger.test.ts" name="default logger &gt; does not log info messages" time="0.000311954">
        </testcase>
    </testsuite>
    <testsuite name="src/models/__tests__/bedrock.test.ts" timestamp="2025-12-05T19:45:57.402Z" hostname="runnervmoqczp" tests="59" failures="0" errors="0" skipped="0" time="0.077021503">
        <testcase classname="src/models/__tests__/bedrock.test.ts" name="BedrockModel &gt; constructor &gt; creates an instance with default configuration" time="0.003244943">
        </testcase>
        <testcase classname="src/models/__tests__/bedrock.test.ts" name="BedrockModel &gt; constructor &gt; uses provided model ID " time="0.0015924">
        </testcase>
        <testcase classname="src/models/__tests__/bedrock.test.ts" name="BedrockModel &gt; constructor &gt; uses provided region" time="0.002017405">
        </testcase>
        <testcase classname="src/models/__tests__/bedrock.test.ts" name="BedrockModel &gt; constructor &gt; extends custom user agent if provided" time="0.000524311">
        </testcase>
        <testcase classname="src/models/__tests__/bedrock.test.ts" name="BedrockModel &gt; constructor &gt; passes custom endpoint to client" time="0.000520855">
        </testcase>
        <testcase classname="src/models/__tests__/bedrock.test.ts" name="BedrockModel &gt; constructor &gt; passes custom credentials to client" time="0.000561861">
        </testcase>
        <testcase classname="src/models/__tests__/bedrock.test.ts" name="BedrockModel &gt; updateConfig &gt; merges new config with existing config" time="0.000472303">
        </testcase>
        <testcase classname="src/models/__tests__/bedrock.test.ts" name="BedrockModel &gt; updateConfig &gt; preserves fields not included in the update" time="0.000457225">
        </testcase>
        <testcase classname="src/models/__tests__/bedrock.test.ts" name="BedrockModel &gt; getConfig &gt; returns the current configuration" time="0.000371735">
        </testcase>
        <testcase classname="src/models/__tests__/bedrock.test.ts" name="BedrockModel &gt; format_message &gt; formats the request to bedrock properly" time="0.002324249">
        </testcase>
        <testcase classname="src/models/__tests__/bedrock.test.ts" name="BedrockModel &gt; format_message &gt; formats tool use messages" time="0.002192836">
        </testcase>
        <testcase classname="src/models/__tests__/bedrock.test.ts" name="BedrockModel &gt; format_message &gt; formats tool result messages" time="0.001080963">
        </testcase>
        <testcase classname="src/models/__tests__/bedrock.test.ts" name="BedrockModel &gt; format_message &gt; formats reasoning messages properly" time="0.000959646">
        </testcase>
        <testcase classname="src/models/__tests__/bedrock.test.ts" name="BedrockModel &gt; format_message &gt; formats cache point blocks in messages" time="0.000596977">
        </testcase>
        <testcase classname="src/models/__tests__/bedrock.test.ts" name="BedrockModel &gt; BedrockModel in &apos;streaming&apos; mode &gt; yields and validates text events correctly" time="0.001572262">
        </testcase>
        <testcase classname="src/models/__tests__/bedrock.test.ts" name="BedrockModel &gt; BedrockModel in &apos;streaming&apos; mode &gt; yields and validates toolUse events correctly" time="0.001598852">
        </testcase>
        <testcase classname="src/models/__tests__/bedrock.test.ts" name="BedrockModel &gt; BedrockModel in &apos;streaming&apos; mode &gt; yields and validates reasoningText events correctly" time="0.001215054">
        </testcase>
        <testcase classname="src/models/__tests__/bedrock.test.ts" name="BedrockModel &gt; BedrockModel in &apos;streaming&apos; mode &gt; yields and validates redactedContent events correctly" time="0.001296786">
        </testcase>
        <testcase classname="src/models/__tests__/bedrock.test.ts" name="BedrockModel &gt; BedrockModel in &apos;streaming&apos; mode &gt; error handling &gt; throws &apos;ContextWindowOverflowError for contex…&apos;" time="0.002381978">
        </testcase>
        <testcase classname="src/models/__tests__/bedrock.test.ts" name="BedrockModel &gt; BedrockModel in &apos;streaming&apos; mode &gt; error handling &gt; throws &apos;ValidationException for invalid input&apos;" time="0.000555369">
        </testcase>
        <testcase classname="src/models/__tests__/bedrock.test.ts" name="BedrockModel &gt; BedrockModel in &apos;non-streaming&apos; mode &gt; yields and validates text events correctly" time="0.001364242">
        </testcase>
        <testcase classname="src/models/__tests__/bedrock.test.ts" name="BedrockModel &gt; BedrockModel in &apos;non-streaming&apos; mode &gt; yields and validates toolUse events correctly" time="0.001062438">
        </testcase>
        <testcase classname="src/models/__tests__/bedrock.test.ts" name="BedrockModel &gt; BedrockModel in &apos;non-streaming&apos; mode &gt; yields and validates reasoningText events correctly" time="0.001099848">
        </testcase>
        <testcase classname="src/models/__tests__/bedrock.test.ts" name="BedrockModel &gt; BedrockModel in &apos;non-streaming&apos; mode &gt; yields and validates redactedContent events correctly" time="0.001070182">
        </testcase>
        <testcase classname="src/models/__tests__/bedrock.test.ts" name="BedrockModel &gt; BedrockModel in &apos;non-streaming&apos; mode &gt; error handling &gt; throws &apos;ContextWindowOverflowError for contex…&apos;" time="0.000693437">
        </testcase>
        <testcase classname="src/models/__tests__/bedrock.test.ts" name="BedrockModel &gt; BedrockModel in &apos;non-streaming&apos; mode &gt; error handling &gt; throws &apos;ValidationException for invalid input&apos;" time="0.00055608">
        </testcase>
        <testcase classname="src/models/__tests__/bedrock.test.ts" name="BedrockModel &gt; stream &gt; handles tool use input delta" time="0.000941281">
        </testcase>
        <testcase classname="src/models/__tests__/bedrock.test.ts" name="BedrockModel &gt; stream &gt; handles reasoning content delta with both text and signature, as well as redactedContent" time="0.000978812">
        </testcase>
        <testcase classname="src/models/__tests__/bedrock.test.ts" name="BedrockModel &gt; stream &gt; handles reasoning content delta with only text, skips unsupported types" time="0.004650021">
            <system-err>
delta_key=&lt;unknown&gt; | skipping unsupported delta key

event_type=&lt;unknown&gt; | unsupported bedrock event type

            </system-err>
        </testcase>
        <testcase classname="src/models/__tests__/bedrock.test.ts" name="BedrockModel &gt; stream &gt; handles reasoning content delta with only signature" time="0.001190749">
        </testcase>
        <testcase classname="src/models/__tests__/bedrock.test.ts" name="BedrockModel &gt; stream &gt; handles cache usage metrics" time="0.000996014">
        </testcase>
        <testcase classname="src/models/__tests__/bedrock.test.ts" name="BedrockModel &gt; stream &gt; handles trace in metadata" time="0.001027843">
        </testcase>
        <testcase classname="src/models/__tests__/bedrock.test.ts" name="BedrockModel &gt; stream &gt; handles additionalModelResponseFields" time="0.000946731">
        </testcase>
        <testcase classname="src/models/__tests__/bedrock.test.ts" name="BedrockModel &gt; stream &gt; handles all stop reason types &gt; handles end_turn stop reason types" time="0.000872062">
        </testcase>
        <testcase classname="src/models/__tests__/bedrock.test.ts" name="BedrockModel &gt; stream &gt; handles all stop reason types &gt; handles tool_use stop reason types" time="0.000784929">
        </testcase>
        <testcase classname="src/models/__tests__/bedrock.test.ts" name="BedrockModel &gt; stream &gt; handles all stop reason types &gt; handles max_tokens stop reason types" time="0.000666537">
        </testcase>
        <testcase classname="src/models/__tests__/bedrock.test.ts" name="BedrockModel &gt; stream &gt; handles all stop reason types &gt; handles stop_sequence stop reason types" time="0.000649264">
        </testcase>
        <testcase classname="src/models/__tests__/bedrock.test.ts" name="BedrockModel &gt; stream &gt; handles all stop reason types &gt; handles content_filtered stop reason types" time="0.000645318">
        </testcase>
        <testcase classname="src/models/__tests__/bedrock.test.ts" name="BedrockModel &gt; stream &gt; handles all stop reason types &gt; handles guardrail_intervened stop reason types" time="0.000645298">
        </testcase>
        <testcase classname="src/models/__tests__/bedrock.test.ts" name="BedrockModel &gt; stream &gt; handles all stop reason types &gt; handles model_context_window_exceeded stop reason types" time="0.001110117">
            <system-err>
stop_reason=&lt;model_context_window_exceeded&gt;, fallback=&lt;modelContextWindowExceeded&gt; | unknown stop reason, converting to camelCase

            </system-err>
        </testcase>
        <testcase classname="src/models/__tests__/bedrock.test.ts" name="BedrockModel &gt; stream &gt; handles all stop reason types &gt; handles new_stop_reason stop reason types" time="0.000950098">
            <system-err>
stop_reason=&lt;new_stop_reason&gt;, fallback=&lt;newStopReason&gt; | unknown stop reason, converting to camelCase

            </system-err>
        </testcase>
        <testcase classname="src/models/__tests__/bedrock.test.ts" name="BedrockModel &gt; system prompt formatting &gt; formats string system prompt with cachePrompt config" time="0.001199184">
            <system-err>
stop_reason=&lt;new_stop_reason&gt;, fallback=&lt;newStopReason&gt; | unknown stop reason, converting to camelCase

            </system-err>
        </testcase>
        <testcase classname="src/models/__tests__/bedrock.test.ts" name="BedrockModel &gt; system prompt formatting &gt; formats array system prompt with text blocks only" time="0.001098806">
            <system-err>
stop_reason=&lt;new_stop_reason&gt;, fallback=&lt;newStopReason&gt; | unknown stop reason, converting to camelCase

            </system-err>
        </testcase>
        <testcase classname="src/models/__tests__/bedrock.test.ts" name="BedrockModel &gt; system prompt formatting &gt; formats array system prompt with cache points" time="0.000922627">
            <system-err>
stop_reason=&lt;new_stop_reason&gt;, fallback=&lt;newStopReason&gt; | unknown stop reason, converting to camelCase

            </system-err>
        </testcase>
        <testcase classname="src/models/__tests__/bedrock.test.ts" name="BedrockModel &gt; system prompt formatting &gt; warns when both array system prompt and cachePrompt config are provided" time="0.001994562">
            <system-err>
stop_reason=&lt;new_stop_reason&gt;, fallback=&lt;newStopReason&gt; | unknown stop reason, converting to camelCase

            </system-err>
        </testcase>
        <testcase classname="src/models/__tests__/bedrock.test.ts" name="BedrockModel &gt; system prompt formatting &gt; handles empty array system prompt" time="0.001184377">
            <system-err>
stop_reason=&lt;new_stop_reason&gt;, fallback=&lt;newStopReason&gt; | unknown stop reason, converting to camelCase

            </system-err>
        </testcase>
        <testcase classname="src/models/__tests__/bedrock.test.ts" name="BedrockModel &gt; system prompt formatting &gt; formats array system prompt with guard content" time="0.001262703">
            <system-err>
stop_reason=&lt;new_stop_reason&gt;, fallback=&lt;newStopReason&gt; | unknown stop reason, converting to camelCase

            </system-err>
        </testcase>
        <testcase classname="src/models/__tests__/bedrock.test.ts" name="BedrockModel &gt; system prompt formatting &gt; formats mixed system prompt with text, guard content, and cache points" time="0.001194525">
            <system-err>
stop_reason=&lt;new_stop_reason&gt;, fallback=&lt;newStopReason&gt; | unknown stop reason, converting to camelCase

            </system-err>
        </testcase>
        <testcase classname="src/models/__tests__/bedrock.test.ts" name="BedrockModel &gt; system prompt formatting &gt; formats guard content with all qualifier types" time="0.001084068">
            <system-err>
stop_reason=&lt;new_stop_reason&gt;, fallback=&lt;newStopReason&gt; | unknown stop reason, converting to camelCase

            </system-err>
        </testcase>
        <testcase classname="src/models/__tests__/bedrock.test.ts" name="BedrockModel &gt; system prompt formatting &gt; formats guard content with image in system prompt" time="0.001168537">
            <system-err>
stop_reason=&lt;new_stop_reason&gt;, fallback=&lt;newStopReason&gt; | unknown stop reason, converting to camelCase

            </system-err>
        </testcase>
        <testcase classname="src/models/__tests__/bedrock.test.ts" name="BedrockModel &gt; guard content in messages &gt; formats guard content with text in message" time="0.000980274">
            <system-err>
stop_reason=&lt;new_stop_reason&gt;, fallback=&lt;newStopReason&gt; | unknown stop reason, converting to camelCase

            </system-err>
        </testcase>
        <testcase classname="src/models/__tests__/bedrock.test.ts" name="BedrockModel &gt; guard content in messages &gt; formats guard content with image in message" time="0.001006994">
            <system-err>
stop_reason=&lt;new_stop_reason&gt;, fallback=&lt;newStopReason&gt; | unknown stop reason, converting to camelCase

            </system-err>
        </testcase>
        <testcase classname="src/models/__tests__/bedrock.test.ts" name="BedrockModel &gt; includeToolResultStatus configuration &gt; when includeToolResultStatus is true &gt; always includes status field in tool results" time="0.000994291">
            <system-err>
stop_reason=&lt;new_stop_reason&gt;, fallback=&lt;newStopReason&gt; | unknown stop reason, converting to camelCase

            </system-err>
        </testcase>
        <testcase classname="src/models/__tests__/bedrock.test.ts" name="BedrockModel &gt; includeToolResultStatus configuration &gt; when includeToolResultStatus is false &gt; never includes status field in tool results" time="0.000829703">
            <system-err>
stop_reason=&lt;new_stop_reason&gt;, fallback=&lt;newStopReason&gt; | unknown stop reason, converting to camelCase

            </system-err>
        </testcase>
        <testcase classname="src/models/__tests__/bedrock.test.ts" name="BedrockModel &gt; includeToolResultStatus configuration &gt; when includeToolResultStatus is auto &gt; includes status field for Claude models" time="0.000822218">
            <system-err>
stop_reason=&lt;new_stop_reason&gt;, fallback=&lt;newStopReason&gt; | unknown stop reason, converting to camelCase

            </system-err>
        </testcase>
        <testcase classname="src/models/__tests__/bedrock.test.ts" name="BedrockModel &gt; includeToolResultStatus configuration &gt; when includeToolResultStatus is undefined (default) &gt; follows auto logic for non-Claude models" time="0.000711112">
            <system-err>
stop_reason=&lt;new_stop_reason&gt;, fallback=&lt;newStopReason&gt; | unknown stop reason, converting to camelCase

            </system-err>
        </testcase>
        <testcase classname="src/models/__tests__/bedrock.test.ts" name="BedrockModel &gt; region configuration &gt; uses explicit region when provided" time="0.000444541">
        </testcase>
        <testcase classname="src/models/__tests__/bedrock.test.ts" name="BedrockModel &gt; region configuration &gt; defaults to us-west-2 when region is missing" time="0.000766714">
        </testcase>
        <testcase classname="src/models/__tests__/bedrock.test.ts" name="BedrockModel &gt; region configuration &gt; rethrows other region errors" time="0.001815287">
        </testcase>
    </testsuite>
    <testsuite name="src/models/__tests__/model.test.ts" timestamp="2025-12-05T19:45:57.416Z" hostname="runnervmoqczp" tests="12" failures="0" errors="0" skipped="0" time="0.020095063">
        <testcase classname="src/models/__tests__/model.test.ts" name="Model &gt; streamAggregated &gt; when streaming a simple text message &gt; yields original events plus aggregated content block and returns final message" time="0.004135078">
        </testcase>
        <testcase classname="src/models/__tests__/model.test.ts" name="Model &gt; streamAggregated &gt; when streaming a simple text message &gt; throws MaxTokenError when stopReason is MaxTokenError" time="0.002592812">
        </testcase>
        <testcase classname="src/models/__tests__/model.test.ts" name="Model &gt; streamAggregated &gt; when streaming multiple text blocks &gt; yields all blocks in order" time="0.001144942">
        </testcase>
        <testcase classname="src/models/__tests__/model.test.ts" name="Model &gt; streamAggregated &gt; when streaming tool use &gt; yields complete tool use block" time="0.000979132">
        </testcase>
        <testcase classname="src/models/__tests__/model.test.ts" name="Model &gt; streamAggregated &gt; when streaming tool use &gt; yields complete tool use block with empty input" time="0.000826106">
        </testcase>
        <testcase classname="src/models/__tests__/model.test.ts" name="Model &gt; streamAggregated &gt; when streaming tool use &gt; throws MaxTokenError when stopReason is MaxTokenError and toolUse is partial" time="0.000578642">
        </testcase>
        <testcase classname="src/models/__tests__/model.test.ts" name="Model &gt; streamAggregated &gt; when streaming reasoning content &gt; yields complete reasoning block" time="0.001072457">
        </testcase>
        <testcase classname="src/models/__tests__/model.test.ts" name="Model &gt; streamAggregated &gt; when streaming reasoning content &gt; yields redacted content reasoning block" time="0.001021943">
        </testcase>
        <testcase classname="src/models/__tests__/model.test.ts" name="Model &gt; streamAggregated &gt; when streaming reasoning content &gt; omits signature if not present" time="0.000755223">
        </testcase>
        <testcase classname="src/models/__tests__/model.test.ts" name="Model &gt; streamAggregated &gt; when streaming mixed content blocks &gt; yields all blocks in correct order" time="0.001227948">
        </testcase>
        <testcase classname="src/models/__tests__/model.test.ts" name="Model &gt; streamAggregated &gt; when multiple metadata events are emitted &gt; yields all metadata events but keeps only the last one in return value" time="0.001431429">
        </testcase>
        <testcase classname="src/models/__tests__/model.test.ts" name="Model &gt; streamAggregated &gt; when no metadata events are emitted &gt; returns result with undefined metadata" time="0.001534852">
        </testcase>
    </testsuite>
    <testsuite name="src/models/__tests__/openai.test.ts" timestamp="2025-12-05T19:45:57.418Z" hostname="runnervmoqczp" tests="48" failures="0" errors="0" skipped="0" time="0.043893415">
        <testcase classname="src/models/__tests__/openai.test.ts" name="OpenAIModel &gt; constructor &gt; creates an instance with required modelId" time="0.002593563">
        </testcase>
        <testcase classname="src/models/__tests__/openai.test.ts" name="OpenAIModel &gt; constructor &gt; uses custom model ID" time="0.001017103">
        </testcase>
        <testcase classname="src/models/__tests__/openai.test.ts" name="OpenAIModel &gt; constructor &gt; uses API key from constructor parameter" time="0.002359876">
        </testcase>
        <testcase classname="src/models/__tests__/openai.test.ts" name="OpenAIModel &gt; constructor &gt; uses API key from environment variable" time="0.000335949">
        </testcase>
        <testcase classname="src/models/__tests__/openai.test.ts" name="OpenAIModel &gt; constructor &gt; explicit API key takes precedence over environment variable" time="0.000322433">
        </testcase>
        <testcase classname="src/models/__tests__/openai.test.ts" name="OpenAIModel &gt; constructor &gt; throws error when no API key is available" time="0.001096261">
        </testcase>
        <testcase classname="src/models/__tests__/openai.test.ts" name="OpenAIModel &gt; constructor &gt; uses custom client configuration" time="0.000391703">
        </testcase>
        <testcase classname="src/models/__tests__/openai.test.ts" name="OpenAIModel &gt; constructor &gt; uses provided client instance" time="0.000330188">
        </testcase>
        <testcase classname="src/models/__tests__/openai.test.ts" name="OpenAIModel &gt; constructor &gt; provided client takes precedence over apiKey and clientConfig" time="0.000222466">
        </testcase>
        <testcase classname="src/models/__tests__/openai.test.ts" name="OpenAIModel &gt; constructor &gt; does not require API key when client is provided" time="0.000334616">
        </testcase>
        <testcase classname="src/models/__tests__/openai.test.ts" name="OpenAIModel &gt; updateConfig &gt; merges new config with existing config" time="0.000374341">
        </testcase>
        <testcase classname="src/models/__tests__/openai.test.ts" name="OpenAIModel &gt; updateConfig &gt; preserves fields not included in the update" time="0.000374822">
        </testcase>
        <testcase classname="src/models/__tests__/openai.test.ts" name="OpenAIModel &gt; getConfig &gt; returns the current configuration" time="0.000286907">
        </testcase>
        <testcase classname="src/models/__tests__/openai.test.ts" name="OpenAIModel &gt; stream &gt; validation &gt; throws error when messages array is empty" time="0.001524002">
        </testcase>
        <testcase classname="src/models/__tests__/openai.test.ts" name="OpenAIModel &gt; stream &gt; validation &gt; validates system prompt is not empty" time="0.001330229">
        </testcase>
        <testcase classname="src/models/__tests__/openai.test.ts" name="OpenAIModel &gt; stream &gt; validation &gt; throws error for streaming with n &gt; 1" time="0.000537957">
        </testcase>
        <testcase classname="src/models/__tests__/openai.test.ts" name="OpenAIModel &gt; stream &gt; validation &gt; throws error for tool spec without name or description" time="0.000509694">
        </testcase>
        <testcase classname="src/models/__tests__/openai.test.ts" name="OpenAIModel &gt; stream &gt; validation &gt; throws error for empty tool result content" time="0.00049168">
        </testcase>
        <testcase classname="src/models/__tests__/openai.test.ts" name="OpenAIModel &gt; stream &gt; validation &gt; handles tool result with error status" time="0.000543898">
        </testcase>
        <testcase classname="src/models/__tests__/openai.test.ts" name="OpenAIModel &gt; stream &gt; validation &gt; throws error for circular reference in tool input" time="0.000520714">
        </testcase>
        <testcase classname="src/models/__tests__/openai.test.ts" name="OpenAIModel &gt; stream &gt; basic streaming &gt; yields correct event sequence for simple text response" time="0.001248837">
        </testcase>
        <testcase classname="src/models/__tests__/openai.test.ts" name="OpenAIModel &gt; stream &gt; emits modelMetadataEvent with usage information" time="0.000483184">
        </testcase>
        <testcase classname="src/models/__tests__/openai.test.ts" name="OpenAIModel &gt; stream &gt; handles usage with undefined properties" time="0.000462375">
        </testcase>
        <testcase classname="src/models/__tests__/openai.test.ts" name="OpenAIModel &gt; stream &gt; filters out empty string content deltas" time="0.000501248">
        </testcase>
        <testcase classname="src/models/__tests__/openai.test.ts" name="OpenAIModel &gt; stream &gt; prevents duplicate message start events" time="0.001888023">
        </testcase>
        <testcase classname="src/models/__tests__/openai.test.ts" name="OpenAIModel &gt; tool calling &gt; handles tool use request with contentBlockStart and contentBlockStop events" time="0.000969013">
        </testcase>
        <testcase classname="src/models/__tests__/openai.test.ts" name="OpenAIModel &gt; tool calling &gt; handles multiple tool calls" time="0.000771824">
        </testcase>
        <testcase classname="src/models/__tests__/openai.test.ts" name="OpenAIModel &gt; tool calling &gt; skips tool calls with invalid index" time="0.000793185">
        </testcase>
        <testcase classname="src/models/__tests__/openai.test.ts" name="OpenAIModel &gt; tool calling &gt; tool argument deltas can be reassembled into valid JSON" time="0.000811118">
        </testcase>
        <testcase classname="src/models/__tests__/openai.test.ts" name="OpenAIModel &gt; tool calling &gt; handles messages with both text and tool calls" time="0.000815426">
        </testcase>
        <testcase classname="src/models/__tests__/openai.test.ts" name="OpenAIModel &gt; stop reasons &gt; maps OpenAI stop reasons to SDK stop reasons" time="0.001150793">
        </testcase>
        <testcase classname="src/models/__tests__/openai.test.ts" name="OpenAIModel &gt; stop reasons &gt; handles unknown stop reasons with warning" time="0.002617598">
            <system-err>
finish_reason=&lt;new_unknown_reason&gt;, fallback=&lt;newUnknownReason&gt; | unknown openai stop reason, using camelCase conversion as fallback

            </system-err>
        </testcase>
        <testcase classname="src/models/__tests__/openai.test.ts" name="OpenAIModel &gt; API request formatting &gt; formats API request correctly with all options" time="0.000911917">
        </testcase>
        <testcase classname="src/models/__tests__/openai.test.ts" name="OpenAIModel &gt; systemPrompt handling &gt; formats array system prompt with text blocks only" time="0.0007108">
        </testcase>
        <testcase classname="src/models/__tests__/openai.test.ts" name="OpenAIModel &gt; systemPrompt handling &gt; formats array system prompt with cache points" time="0.000830013">
        </testcase>
        <testcase classname="src/models/__tests__/openai.test.ts" name="OpenAIModel &gt; systemPrompt handling &gt; handles empty array system prompt" time="0.000517869">
        </testcase>
        <testcase classname="src/models/__tests__/openai.test.ts" name="OpenAIModel &gt; systemPrompt handling &gt; formats array system prompt with single text block" time="0.000535532">
        </testcase>
        <testcase classname="src/models/__tests__/openai.test.ts" name="OpenAIModel &gt; systemPrompt handling &gt; warns and filters guard content from system prompt" time="0.000740275">
        </testcase>
        <testcase classname="src/models/__tests__/openai.test.ts" name="OpenAIModel &gt; systemPrompt handling &gt; preserves text blocks when filtering guard content" time="0.000703246">
        </testcase>
        <testcase classname="src/models/__tests__/openai.test.ts" name="OpenAIModel &gt; systemPrompt handling &gt; handles system prompt with only guard content" time="0.000650357">
        </testcase>
        <testcase classname="src/models/__tests__/openai.test.ts" name="OpenAIModel &gt; guard content in messages &gt; warns and filters guard content from user messages" time="0.000935079">
        </testcase>
        <testcase classname="src/models/__tests__/openai.test.ts" name="OpenAIModel &gt; guard content in messages &gt; warns and filters guard content with image from user messages" time="0.000739253">
        </testcase>
        <testcase classname="src/models/__tests__/openai.test.ts" name="OpenAIModel &gt; guard content in messages &gt; handles message with only guard content" time="0.002150073">
        </testcase>
        <testcase classname="src/models/__tests__/openai.test.ts" name="OpenAIModel &gt; error handling &gt; throws ContextWindowOverflowError for structured error with code" time="0.000733482">
        </testcase>
        <testcase classname="src/models/__tests__/openai.test.ts" name="OpenAIModel &gt; error handling &gt; throws ContextWindowOverflowError for error with message pattern" time="0.000610713">
        </testcase>
        <testcase classname="src/models/__tests__/openai.test.ts" name="OpenAIModel &gt; error handling &gt; throws ContextWindowOverflowError for APIError instance" time="0.000602948">
        </testcase>
        <testcase classname="src/models/__tests__/openai.test.ts" name="OpenAIModel &gt; error handling &gt; passes through other errors unchanged" time="0.000676566">
        </testcase>
        <testcase classname="src/models/__tests__/openai.test.ts" name="OpenAIModel &gt; error handling &gt; handles stream interruption errors" time="0.000711772">
        </testcase>
    </testsuite>
    <testsuite name="src/tools/__tests__/tool.test.ts" timestamp="2025-12-05T19:45:57.428Z" hostname="runnervmoqczp" tests="43" failures="0" errors="0" skipped="0" time="0.040723404">
        <testcase classname="src/tools/__tests__/tool.test.ts" name="FunctionTool &gt; properties &gt; has a non-empty toolName" time="0.002729277">
        </testcase>
[...]
        </testcase>
        <testcase classname="vended_tools/http_request/__tests__/http-request.test.ts" name="httpRequest tool &gt; HTTP status codes &gt; throws error for 5xx server error codes" time="0.000596527">
        </testcase>
        <testcase classname="vended_tools/http_request/__tests__/http-request.test.ts" name="httpRequest tool &gt; error handling &gt; throws timeout error when request exceeds timeout" time="0.101574812">
        </testcase>
        <testcase classname="vended_tools/http_request/__tests__/http-request.test.ts" name="httpRequest tool &gt; error handling &gt; throws error for network failures" time="0.000725638">
        </testcase>
    </testsuite>
    <testsuite name="vended_tools/notebook/__tests__/notebook.test.ts" timestamp="2025-12-05T19:45:57.474Z" hostname="runnervmoqczp" tests="39" failures="0" errors="0" skipped="0" time="0.025228629">
        <testcase classname="vended_tools/notebook/__tests__/notebook.test.ts" name="notebook tool &gt; create oper ation &gt; creates an empty notebook with default name" time="0.00525883">
        </testcase>
        <testcase classname="vended_tools/notebook/__tests__/notebook.test.ts" name="notebook tool &gt; create oper ation &gt; creates an empty notebook with custom name" time="0.000509152">
        </testcase>
        <testcase classname="vended_tools/notebook/__tests__/notebook.test.ts" name="notebook tool &gt; create oper ation &gt; creates a notebook with initial content" time="0.000357188">
        </testcase>
        <testcase classname="vended_tools/notebook/__tests__/notebook.test.ts" name="notebook tool &gt; create oper ation &gt; overwrites existing notebook on create" time="0.000314208">
        </testcase>
        <testcase classname="vended_tools/notebook/__tests__/notebook.test.ts" name="notebook tool &gt; list operation &gt; lists default notebook when initialized" time="0.000493463">
        </testcase>
        <testcase classname="vended_tools/notebook/__tests__/notebook.test.ts" name="notebook tool &gt; list operation &gt; lists multiple notebooks with line counts" time="0.000396432">
        </testcase>
        <testcase classname="vended_tools/notebook/__tests__/notebook.test.ts" name="notebook tool &gt; read operation &gt; reads entire notebook with default name" time="0.000360344">
        </testcase>
        <testcase classname="vended_tools/notebook/__tests__/notebook.test.ts" name="notebook tool &gt; read operation &gt; reads entire notebook with custom name" time="0.000254797">
        </testcase>
        <testcase classname="vended_tools/notebook/__tests__/notebook.test.ts" name="notebook tool &gt; read operation &gt; reads empty notebook" time="0.000271579">
        </testcase>
        <testcase classname="vended_tools/notebook/__tests__/notebook.test.ts" name="notebook tool &gt; read operation &gt; throws error for non-existent notebook" time="0.002579607">
        </testcase>
        <testcase classname="vended_tools/notebook/__tests__/notebook.test.ts" name="notebook tool &gt; read operation &gt; reads specific line range" time="0.00059859">
        </testcase>
        <testcase classname="vended_tools/notebook/__tests__/notebook.test.ts" name="notebook tool &gt; read operation &gt; reads line range with negative start index" time="0.000280355">
        </testcase>
        <testcase classname="vended_tools/notebook/__tests__/notebook.test.ts" name="notebook tool &gt; read operation &gt; reads line range with negative end index" time="0.000314669">
        </testcase>
        <testcase classname="vended_tools/notebook/__tests__/notebook.test.ts" name="notebook tool &gt; read operation &gt; reads line range with both negative indices" time="0.000270596">
        </testcase>
        <testcase classname="vended_tools/notebook/__tests__/notebook.test.ts" name="notebook tool &gt; read operation &gt; returns no valid lines for out of range" time="0.000287889">
        </testcase>
        <testcase classname="vended_tools/notebook/__tests__/notebook.test.ts" name="notebook tool &gt; write operation - string replacement &gt; replaces text in default notebook" time="0.000479488">
        </testcase>
        <testcase classname="vended_tools/notebook/__tests__/notebook.test.ts" name="notebook tool &gt; write operation - string replacement &gt; replaces text in custom notebook" time="0.000349864">
        </testcase>
        <testcase classname="vended_tools/notebook/__tests__/notebook.test.ts" name="notebook tool &gt; write operation - string replacement &gt; replaces multiline text" time="0.000329626">
        </testcase>
        <testcase classname="vended_tools/notebook/__tests__/notebook.test.ts" name="notebook tool &gt; write operation - string replacement &gt; throws error if old string not found" time="0.00041712">
        </testcase>
        <testcase classname="vended_tools/notebook/__tests__/notebook.test.ts" name="notebook tool &gt; write operation - string replacement &gt; throws error for non-existent notebook" time="0.000365914">
        </testcase>
        <testcase classname="vended_tools/notebook/__tests__/notebook.test.ts" name="notebook tool &gt; write operation - line insertion &gt; inserts after line number" time="0.000519392">
        </testcase>
        <testcase classname="vended_tools/notebook/__tests__/notebook.test.ts" name="notebook tool &gt; write operation - line insertion &gt; inserts at beginning (after line 0)" time="0.000325359">
        </testcase>
        <testcase classname="vended_tools/notebook/__tests__/notebook.test.ts" name="notebook tool &gt; write operation - line insertion &gt; appends to end with negative index" time="0.000310231">
        </testcase>
        <testcase classname="vended_tools/notebook/__tests__/notebook.test.ts" name="notebook tool &gt; write operation - line insertion &gt; inserts after negative line index" time="0.000333334">
        </testcase>
        <testcase classname="vended_tools/notebook/__tests__/notebook.test.ts" name="notebook tool &gt; write operation - line insertion &gt; inserts after text search" time="0.00031516">
        </testcase>
        <testcase classname="vended_tools/notebook/__tests__/notebook.test.ts" name="notebook tool &gt; write operation - line insertion &gt; inserts after partial text match" time="0.000303248">
        </testcase>
        <testcase classname="vended_tools/notebook/__tests__/notebook.test.ts" name="notebook tool &gt; write operation - line insertion &gt; throws error if search text not found" time="0.00041145">
        </testcase>
        <testcase classname="vended_tools/notebook/__tests__/notebook.test.ts" name="notebook tool &gt; write operation - line insertion &gt; throws error for line number out of range" time="0.000362739">
        </testcase>
        <testcase classname="vended_tools/notebook/__tests__/notebook.test.ts" name="notebook tool &gt; write operation - line insertion &gt; inserts into custom notebook" time="0.000342842">
        </testcase>
        <testcase classname="vended_tools/notebook/__tests__/notebook.test.ts" name="notebook tool &gt; clear operation &gt; clears default notebook" time="0.000376204">
        </testcase>
        <testcase classname="vended_tools/notebook/__tests__/notebook.test.ts" name="notebook tool &gt; clear operation &gt; clears custom notebook" time="0.000289742">
        </testcase>
        <testcase classname="vended_tools/notebook/__tests__/notebook.test.ts" name="notebook tool &gt; clear operation &gt; throws error for non-existent notebook" time="0.000383128">
        </testcase>
        <testcase classname="vended_tools/notebook/__tests__/notebook.test.ts" name="notebook tool &gt; clear operation &gt; clearing does not affect other notebooks" time="0.000243736">
        </testcase>
        <testcase classname="vended_tools/notebook/__tests__/notebook.test.ts" name="notebook tool &gt; state persistence &gt; persists notebooks across operations" time="0.00046481">
        </testcase>
        <testcase classname="vended_tools/notebook/__tests__/notebook.test.ts" name="notebook tool &gt; state persistence &gt; initializes default notebook if state is empty" time="0.000304911">
        </testcase>
        <testcase classname="vended_tools/notebook/__tests__/notebook.test.ts" name="notebook tool &gt; validation errors &gt; requires context" time="0.000329036">
        </testcase>
        <testcase classname="vended_tools/notebook/__tests__/notebook.test.ts" name="notebook tool &gt; validation errors &gt; rejects write without newStr for replacement" time="0.000930592">
        </testcase>
        <testcase classname="vended_tools/notebook/__tests__/notebook.test.ts" name="notebook tool &gt; validation errors &gt; rejects write without newStr for insertion" time="0.000486781">
        </testcase>
        <testcase classname="vended_tools/notebook/__tests__/notebook.test.ts" name="notebook tool &gt; validation errors &gt; rejects write without valid operation parameters" time="0.000491791">
        </testcase>
    </testsuite>
    <testsuite name="src/registry/registry.ts" timestamp="2025-12-05T19:45:57.482Z" hostname="runnervmoqczp" tests="21" failures="0" errors="0" skipped="0" time="0.015098566">
        <testcase classname="src/registry/registry.ts" name="Error Classes &gt; ItemNotFoundError should have the correct name and message" time="0.002220499">
        </testcase>
        <testcase classname="src/registry/registry.ts" name="Error Classes &gt; DuplicateItemError should have the correct name and message" time="0.000337592">
        </testcase>
        <testcase classname="src/registry/registry.ts" name="Error Classes &gt; ValidationError should have the correct name and message" time="0.000262913">
        </testcase>
        <testcase classname="src/registry/registry.ts" name="Registry &gt; should register an item and return a new ID" time="0.000760063">
        </testcase>
        <testcase classname="src/registry/registry.ts" name="Registry &gt; should throw DuplicateItemError when registering with an existing ID" time="0.002120702">
        </testcase>
        <testcase classname="src/registry/registry.ts" name="Registry &gt; should deregister an item and return it" time="0.000322894">
        </testcase>
        <testcase classname="src/registry/registry.ts" name="Registry &gt; should throw ItemNotFoundError when deregistering a non-existent item" time="0.000210074">
        </testcase>
        <testcase classname="src/registry/registry.ts" name="Registry &gt; should get an item by its ID" time="0.000207279">
        </testcase>
        <testcase classname="src/registry/registry.ts" name="Registry &gt; should return undefined when getting a non-existent item" time="0.000174406">
        </testcase>
        <testcase classname="src/registry/registry.ts" name="Registry &gt; should find an item using a predicate" time="0.000249036">
        </testcase>
        <testcase classname="src/registry/registry.ts" name="Registry &gt; should return undefined when no item matches the predicate" time="0.000219511">
        </testcase>
        <testcase classname="src/registry/registry.ts" name="Registry &gt; should return all keys" time="0.001113896">
        </testcase>
        <testcase classname="src/registry/registry.ts" name="Registry &gt; should return all values" time="0.000275125">
        </testcase>
        <testcase classname="src/registry/registry.ts" name="Registry &gt; should return all key-value pairs" time="0.000276768">
        </testcase>
        <testcase classname="src/registry/registry.ts" name="Registry &gt; should clear all items from the registry" time="0.00028857">
        </testcase>
        <testcase classname="src/registry/registry.ts" name="Registry &gt; should register multiple items" time="0.000385833">
        </testcase>
        <testcase classname="src/registry/registry.ts" name="Registry &gt; should deregister multiple items" time="0.00036348">
        </testcase>
        <testcase classname="src/registry/registry.ts" name="Registry &gt; should find and deregister an item" time="0.000507951">
        </testcase>
        <testcase classname="src/registry/registry.ts" name="Registry &gt; should return undefined from findRemove if no item matches" time="0.000205354">
        </testcase>
        <testcase classname="src/registry/registry.ts" name="Registry &gt; should call the validate method on register" time="0.001444284">
        </testcase>
        <testcase classname="src/registry/registry.ts" name="Registry &gt; should throw a validation error for an invalid item" time="0.000260819">
        </testcase>
    </testsuite>
    <testsuite name="src/registry/tool-registry.ts" timestamp="2025-12-05T19:45:57.486Z" hostname="runnervmoqczp" tests="15" failures="0" errors="0" skipped="0" time="0.012881213">
        <testcase classname="src/registry/tool-registry.ts" name="ToolRegistry &gt; should register a valid tool successfully" time="0.004972131">
        </testcase>
        <testcase classname="src/registry/tool-registry.ts" name="ToolRegistry &gt; should throw ValidationError for a duplicate tool name" time="0.000695613">
        </testcase>
        <testcase classname="src/registry/tool-registry.ts" name="ToolRegistry &gt; should throw ValidationError for an invalid tool name pattern" time="0.000433091">
        </testcase>
        <testcase classname="src/registry/tool-registry.ts" name="ToolRegistry &gt; should throw ValidationError for a tool name that is too long" time="0.000444672">
        </testcase>
        <testcase classname="src/registry/tool-registry.ts" name="ToolRegistry &gt; should throw ValidationError for a tool name that is too short" time="0.000387495">
        </testcase>
        <testcase classname="src/registry/tool-registry.ts" name="ToolRegistry &gt; should throw ValidationError for an invalid description" time="0.000478025">
        </testcase>
        <testcase classname="src/registry/tool-registry.ts" name="ToolRegistry &gt; should throw ValidationError for an empty string description" time="0.000425196">
        </testcase>
        <testcase classname="src/registry/tool-registry.ts" name="ToolRegistry &gt; should allow a tool with a null or undefined description" time="0.000479829">
        </testcase>
        <testcase classname="src/registry/tool-registry.ts" name="ToolRegistry &gt; should retrieve a tool by its name" time="0.000214852">
        </testcase>
        <testcase classname="src/registry/tool-registry.ts" name="ToolRegistry &gt; should return undefined when getting a tool by a name that does not exist" time="0.000180068">
        </testcase>
        <testcase classname="src/registry/tool-registry.ts" name="ToolRegistry &gt; should remove a tool by its name" time="0.000379281">
        </testcase>
        <testcase classname="src/registry/tool-registry.ts" name="ToolRegistry &gt; should not throw when removing a tool by a name that does not exist" time="0.000267211">
        </testcase>
        <testcase classname="src/registry/tool-registry.ts" name="ToolRegistry &gt; should generate a valid ToolIdentifier" time="0.000159458">
        </testcase>
        <testcase classname="src/registry/tool-registry.ts" name="ToolRegistry &gt; should register a tool with a name at the maximum length" time="0.000278672">
        </testcase>
        <testcase classname="src/registry/tool-registry.ts" name="ToolRegistry &gt; should throw ValidationError for a non-string tool name" time="0.000426689">
        </testcase>
    </testsuite>
    <testsuite name="src/tools/__tests__/zod-tool.test-d.ts" timestamp="2025-12-05T19:45:57.489Z" hostname="runnervmoqczp" tests="19" failures="0" errors="0" skipped="0" time="0">
        <testcase classname="src/tools/__tests__/zod-tool.test-d.ts" name="zod-tool type tests &gt; invoke return type matches callback return type &gt; should return string when callback returns string" time="0">
        </testcase>
        <testcase classname="src/tools/__tests__/zod-tool.test-d.ts" name="zod-tool type tests &gt; invoke return type matches callback return type &gt; should return number when callback returns number" time="0">
        </testcase>
        <testcase classname="src/tools/__tests__/zod-tool.test-d.ts" name="zod-tool type tests &gt; invoke return type matches callback return type &gt; should return boolean when callback returns boolean" time="0">
        </testcase>
        <testcase classname="src/tools/__tests__/zod-tool.test-d.ts" name="zod-tool type tests &gt; invoke return type matches callback return type &gt; should return object when callback returns object" time="0">
        </testcase>
        <testcase classname="src/tools/__tests__/zod-tool.test-d.ts" name="zod-tool type tests &gt; invoke return type matches callback return type &gt; should return array when callback returns array" time="0">
        </testcase>
        <testcase classname="src/tools/__tests__/zod-tool.test-d.ts" name="zod-tool type tests &gt; invoke return type matches callback return type &gt; should return null when callback returns null" time="0">
        </testcase>
        <testcase classname="src/tools/__tests__/zod-tool.test-d.ts" name="zod-tool type tests &gt; async callback return types &gt; should return string when async callback returns string" time="0">
        </testcase>
        <testcase classname="src/tools/__tests__/zod-tool.test-d.ts" name="zod-tool type tests &gt; async callback return types &gt; should return number when async callback returns number" time="0">
        </testcase>
        <testcase classname="src/tools/__tests__/zod-tool.test-d.ts" name="zod-tool type tests &gt; async callback return types &gt; should return complex object when async callback returns complex object" time="0">
        </testcase>
        <testcase classname="src/tools/__tests__/zod-tool.test-d.ts" name="zod-tool type tests &gt; async generator callback return types &gt; should return the final return value from async generator" time="0">
        </testcase>
        <testcase classname="src/tools/__tests__/zod-tool.test-d.ts" name="zod-tool type tests &gt; async generator callback return types &gt; should return string when async generator returns string" time="0">
        </testcase>
        <testcase classname="src/tools/__tests__/zod-tool.test-d.ts" name="zod-tool type tests &gt; async generator callback return types &gt; should return object when async generator returns object" time="0">
        </testcase>
        <testcase classname="src/tools/__tests__/zod-tool.test-d.ts" name="zod-tool type tests &gt; union return types &gt; should handle union return types correctly" time="0">
        </testcase>
        <testcase classname="src/tools/__tests__/zod-tool.test-d.ts" name="zod-tool type tests &gt; union return types &gt; should handle conditional return types" time="0">
        </testcase>
        <testcase classname="src/tools/__tests__/zod-tool.test-d.ts" name="zod-tool type tests &gt; input type validation &gt; should enforce correct input types" time="0">
        </testcase>
        <testcase classname="src/tools/__tests__/zod-tool.test-d.ts" name="zod-tool type tests &gt; input type validation &gt; should handle optional fields in input" time="0">
        </testcase>
        <testcase classname="src/tools/__tests__/zod-tool.test-d.ts" name="zod-tool type tests &gt; input type validation &gt; should handle complex nested input types" time="0">
        </testcase>
        <testcase classname="src/tools/__tests__/zod-tool.test-d.ts" name="zod-tool type tests &gt; generic type constraints &gt; should maintain type safety with explicit generic parameters" time="0">
        </testcase>
        <testcase classname="src/tools/__tests__/zod-tool.test-d.ts" name="zod-tool type tests &gt; generic type constraints &gt; should work with complex generic constraints" time="0">
        </testcase>
    </testsuite>
</testsuites>
